[0mGET /?i=tt3896198 [36m304 [0m171.844 ms - -[0m
[0mGET /?i=tt3896198 [32m200 [0m135.805 ms - 1527[0m
[0mGET /?t=baby%20driver [32m200 [0m2.153 ms - 14[0m
[0mGET /?t=baby%20driver [32m200 [0m0.288 ms - 14[0m
[0mGET /?t=baby%20driver [32m200 [0m0.166 ms - 14[0m
[0mGET /?i=tt3896198 [36m304 [0m166.244 ms - -[0m
[0mGET / [36m304 [0m0.683 ms - -[0m
[0mGET / [36m304 [0m3.963 ms - -[0m
[0mGET /?i=tt3896198 [36m304 [0m165.863 ms - -[0m
[0mGET / [36m304 [0m5.147 ms - -[0m
[0mGET /?i=tt3896198 [36m304 [0m377.767 ms - -[0m
[0mGET /?i=tt3896198 [36m304 [0m115.075 ms - -[0m
[0mGET /?i=tt3896198 [36m304 [0m104.750 ms - -[0m
[0mGET /?i=tt3896198 [36m304 [0m173.623 ms - -[0m
[0mGET /?i=tt3896198 [36m304 [0m120.474 ms - -[0m
[0mGET /?i=tt3896198 [36m304 [0m124.944 ms - -[0m
[0mGET / [36m304 [0m3.469 ms - -[0m
[0mGET /?i=tt3896198 [36m304 [0m165.595 ms - -[0m
[0mGET / [36m304 [0m4.103 ms - -[0m
[0mGET / [36m304 [0m3.379 ms - -[0m
[0mGET / [36m304 [0m3.405 ms - -[0m
[0mGET / [36m304 [0m0.389 ms - -[0m
[0mGET / [36m304 [0m0.347 ms - -[0m
[0mGET / [36m304 [0m0.184 ms - -[0m
[0mGET / [36m304 [0m0.192 ms - -[0m
[0mGET /?i=tt3896198 [36m304 [0m155.914 ms - -[0m
[0mGET /?i=tt3896198 [36m304 [0m141.428 ms - -[0m
[0mGET /?i=tt3896198 [36m304 [0m150.282 ms - -[0m
[0mGET /?i=tt3896198 [36m304 [0m161.861 ms - -[0m
[0mGET /?i=tt3896198 [36m304 [0m140.415 ms - -[0m
[0mGET /?i=tt3896198 [36m304 [0m348.210 ms - -[0m
[0mGET /?i=tt3896198 [36m304 [0m141.535 ms - -[0m
[0mGET /?i=tt3896198 [36m304 [0m103.805 ms - -[0m
[0mGET /?i=tt3896198 [36m304 [0m147.158 ms - -[0m
[0mGET /?i=tt3896198 [36m304 [0m79.830 ms - -[0m
[0mGET /?i=tt3896198 [36m304 [0m168.892 ms - -[0m
[0mGET /?i=tt3896198 [36m304 [0m143.137 ms - -[0m
[0mGET /?i=tt3896198 [36m304 [0m143.242 ms - -[0m
[0mGET /?i=tt3896198 [36m304 [0m107.137 ms - -[0m
[0mGET /?i=tt3896198 [36m304 [0m162.288 ms - -[0m
[0mGET /?i=tt3896198 [36m304 [0m121.357 ms - -[0m
[0mGET /?i=tt3896198 [36m304 [0m140.907 ms - -[0m
[0mGET /?i=tt3896198 [36m304 [0m119.020 ms - -[0m
[0mGET /?i=tt3896198 [36m304 [0m164.495 ms - -[0m
[0mGET /?i=tt3896198 [36m304 [0m1.715 ms - -[0m
[0mGET /?t=baby%20driver [31m500 [0m2.591 ms - 4268[0m
[0mGET /?t=baby%20driver [31m500 [0m0.963 ms - 4268[0m
[0mGET /?t=baby%20driver [31m500 [0m4.479 ms - 4268[0m
[0mGET /?t=baby%20driver [31m500 [0m4.334 ms - 1433[0m
[0mGET /?t=baby%20driver [32m200 [0m185.917 ms - 1019[0m
[0mGET /?t=baby%20driver [36m304 [0m1.071 ms - -[0m
[0mGET / [36m304 [0m4.434 ms - -[0m
[0mGET /favicon.ico [33m404 [0m1.344 ms - 150[0m
[0mGET /?i=tt3896198 [36m304 [0m211.144 ms - -[0m
[0mGET / [36m304 [0m0.269 ms - -[0m
[0mGET /?i=tt3896198 [36m304 [0m1.151 ms - -[0m
[0mGET / [36m304 [0m3.563 ms - -[0m
[0mGET /?i=tt3896198 [32m200 [0m309.628 ms - 56[0m
[0mGET /?i=tt3896198 [36m304 [0m0.788 ms - -[0m
[0mGET / [36m304 [0m3.666 ms - -[0m
[0mGET /?i=tt3896198 [32m200 [0m394.738 ms - 2[0m
[0mGET /?i=tt3896198 [36m304 [0m170.689 ms - -[0m
[0mGET /?i=tt3896198 [36m304 [0m0.805 ms - -[0m
[0mGET /?i=tt3896198 [32m200 [0m124.766 ms - 56[0m
[0mGET /?i=tt3896198 [36m304 [0m1.041 ms - -[0m
[0mGET /?i=tt3896198 [36m304 [0m165.288 ms - -[0m
[0mGET / [36m304 [0m3.138 ms - -[0m
[0mGET /?i=tt3896198 [36m304 [0m165.013 ms - -[0m
[0mGET /?i=tt3896198 [36m304 [0m0.790 ms - -[0m
[0mGET /?i=tt3896198 [36m304 [0m169.210 ms - -[0m
[0mGET /?i=tt3896198 [36m304 [0m0.861 ms - -[0m
[0mGET /?i=tt3896198 [31m500 [0m16.756 ms - 1479[0m
[0mGET /?i=tt3896198 [31m500 [0m16.698 ms - 1479[0m
[0mGET /?i=tt3896198 [31m500 [0m2.304 ms - 1479[0m
[0mGET /?i=tt3896198 [32m200 [0m134.888 ms - 56[0m
[0mGET /?i=tt3896198 [36m304 [0m208.922 ms - -[0m
[0mGET /?i=tt3896198 [36m304 [0m1.129 ms - -[0m
[0mGET /?i=tt3896198 [36m304 [0m159.144 ms - -[0m
[0mGET /?i=tt3896198 [36m304 [0m0.859 ms - -[0m
[0mGET /?i=tt3896198 [32m200 [0m6.257 ms - 56[0m
[0mGET /?i=tt3896198 [32m200 [0m0.686 ms - 56[0m
[0mGET /?i=tt3896198 [32m200 [0m6.261 ms - 56[0m
[0mGET /?i=tt3896198 [32m200 [0m0.665 ms - 56[0m
[0mGET /?i=tt3896198 [32m200 [0m6.412 ms - 56[0m
[0mGET /?i=tt3896198 [32m200 [0m0.681 ms - 56[0m
[0mGET /?t=baby%20driver [31m500 [0m1.191 ms - 4137[0m
[0mGET /?t=baby%20driver [31m500 [0m0.393 ms - 4137[0m
[0mGET /?t=baby%20driver [31m500 [0m1.415 ms - 4137[0m
[0mGET /?i=tt3896198 [32m200 [0m6.791 ms - 56[0m
[0mGET /?i=tt3896198 [32m200 [0m0.663 ms - 56[0m
[0mGET / [36m304 [0m3.021 ms - -[0m
[0mGET /?i=tt3896198 [36m304 [0m85.083 ms - -[0m
[0mGET /?i=tt3896198 [36m304 [0m0.853 ms - -[0m
[0mGET / [36m304 [0m0.210 ms - -[0m
[0mGET /?t=baby%20driver [0m- [0m- ms - -[0m
[0mGET /?t=baby%20driver [0m- [0m- ms - -[0m
[0mGET / [36m304 [0m0.183 ms - -[0m
[0mGET / [36m304 [0m0.229 ms - -[0m
[0mGET / [36m304 [0m0.196 ms - -[0m
[0mGET / [36m304 [0m0.251 ms - -[0m
[0mGET / [36m304 [0m0.178 ms - -[0m
[0mGET /?t=baby%20driver [0m- [0m- ms - -[0m
[0mGET / [36m304 [0m0.171 ms - -[0m
[0mGET / [36m304 [0m0.240 ms - -[0m
[0mGET / [36m304 [0m0.226 ms - -[0m
[0mGET / [36m304 [0m0.183 ms - -[0m
[0mGET / [36m304 [0m3.747 ms - -[0m
[0mGET / [36m304 [0m0.753 ms - -[0m
[0mGET /?t=baby%20driver [32m200 [0m47.634 ms - 1019[0m
[0mGET /?t=baby%20driver [36m304 [0m0.668 ms - -[0m
[0mGET / [36m304 [0m3.017 ms - -[0m
[0mGET /?t=baby%20driver [36m304 [0m54.206 ms - -[0m
[0mGET /?t=baby%20driver [36m304 [0m0.910 ms - -[0m
[0mGET /?i=tt3896198 [32m200 [0m6.511 ms - 56[0m
[0mGET /?i=tt3896198 [32m200 [0m0.700 ms - 56[0m
[0mGET /?i=tt3896198 [32m200 [0m6.698 ms - 56[0m
[0mGET /?i=tt3896198 [32m200 [0m0.715 ms - 56[0m
[0mGET / [32m200 [0m130.870 ms - 865[0m
[0mGET / [36m304 [0m1.004 ms - -[0m
[0mGET /?i=tt3896198 [32m200 [0m6.387 ms - 56[0m
[0mGET /?i=tt3896198 [32m200 [0m0.674 ms - 56[0m
[0mGET /?t=baby%20driver [32m200 [0m0.785 ms - 37[0m
[0mGET /?t=baby%20driver [32m200 [0m0.360 ms - 37[0m
[0mGET /?t=baby%20driver [32m200 [0m0.325 ms - 37[0m
[0mGET /?i=tt3896198 [36m304 [0m63.244 ms - -[0m
[0mGET /?t=baby%20driver [36m304 [0m27.254 ms - -[0m
[0mGET /?t=baby%20driver [32m200 [0m3.453 ms - 37[0m
[0mGET /?t=baby%20driver [32m200 [0m0.256 ms - 37[0m
[0mGET /?t=baby%20driver [32m200 [0m0.129 ms - 37[0m
[0mGET /?t=baby%20driver [32m200 [0m2.169 ms - 37[0m
[0mGET /?t=baby%20driver [32m200 [0m0.300 ms - 37[0m
[0mGET /?t=baby%20driver [32m200 [0m0.123 ms - 37[0m
[0mGET /?t=baby%20driver [32m200 [0m3.215 ms - 37[0m
[0mGET /?t=baby%20driver [32m200 [0m0.294 ms - 37[0m
[0mGET /?t=baby%20driver [32m200 [0m0.120 ms - 37[0m
[0mGET /?t=baby%20driver [32m200 [0m3.278 ms - 37[0m
[0mGET /?t=baby%20driver [32m200 [0m0.262 ms - 37[0m
[0mGET /?t=baby%20driver [32m200 [0m0.113 ms - 37[0m
[0mGET /?t=baby%20driver [32m200 [0m3.350 ms - 37[0m
[0mGET /?t=baby%20driver [32m200 [0m0.353 ms - 37[0m
[0mGET /?t=baby%20driver [32m200 [0m0.118 ms - 37[0m
[0mGET /?i=tt3896198 [32m200 [0m6.307 ms - 56[0m
[0mGET /?i=tt3896198 [32m200 [0m0.630 ms - 56[0m
[0mGET /?t=baby%20driver [32m200 [0m0.753 ms - 37[0m
[0mGET /?t=baby%20driver [32m200 [0m0.327 ms - 37[0m
[0mGET /?t=baby%20driver [32m200 [0m0.312 ms - 37[0m
[0mGET /?i=tt3896198 [32m200 [0m5.686 ms - 56[0m
[0mGET /?i=tt3896198 [32m200 [0m0.328 ms - 56[0m
[0mGET /?t=baby%20driver [32m200 [0m0.410 ms - 37[0m
[0mGET /?t=baby%20driver [32m200 [0m0.090 ms - 37[0m
[0mGET /?t=baby%20driver [32m200 [0m0.089 ms - 37[0m
